Arguments: 
  E:\Program Files\nodejs\node.exe E:\Program Files (x86)\Yarn\bin\yarn.js add react-virtualized -s

PATH: 
  E:\Program Files\cmder_mini\bin;E:\Program Files\cmder_mini\vendor\bin;E:\Program Files\cmder_mini\vendor\conemu-maximus5\ConEmu\Scripts;E:\Program Files\cmder_mini\vendor\conemu-maximus5;E:\Program Files\cmder_mini\vendor\conemu-maximus5\ConEmu;C:\ProgramData\Oracle\Java\javapath;C:\Windows\system32;C:\Windows;C:\Windows\System32\Wbem;C:\Windows\System32\WindowsPowerShell\v1.0\;C:\Program Files (x86)\NVIDIA Corporation\PhysX\Common;e:\Program Files\Microsoft VS Code\bin;C:\Program Files\Git\cmd;C:\Program Files\TortoiseSVN\bin;E:\Program Files\sqlite;C:\Program Files (x86)\Java\jdk1.8.0_71\jre\bin;C:\Program Files (x86)\Java\jdk1.8.0_71\bin;C:\Program Files\NVIDIA Corporation\NVIDIA NvDLISR;E:\Program Files\flutter\bin;C:\SDK\platform-tools;E:\Program Files\nodejs\;E:\Program Files (x86)\Yarn\bin\;C:\Users\coolliyong\AppData\Local\Programs\Python\Python37-32\Scripts\;C:\Users\coolliyong\AppData\Local\Programs\Python\Python37-32\;C:\Users\coolliyong\AppData\Local\Microsoft\WindowsApps;E:\Program Files\sqlite;C:\Program Files (x86)\Java\jdk1.8.0_71\bin;C:\Program Files (x86)\Java\jdk1.8.0_71\jre\bin;E:\Program Files\flutter\bin;C:\SDK\platform-tools;C:\Users\coolliyong\AppData\Roaming\npm;C:\Users\coolliyong\AppData\Local\Yarn\bin;C:\Program Files\Git\cmd;C:\Program Files\Git\mingw64\bin;C:\Program Files\Git\usr\bin;E:\Program Files\cmder_mini

Yarn version: 
  1.13.0

Node version: 
  10.15.1

Platform: 
  win32 x64

Trace: 
  Error: ENOENT: no such file or directory, copyfile 'C:\Users\coolliyong\AppData\Local\Yarn\Cache\v4\npm-ms-2.1.1-30a5864eb3ebb0a66f2ebe6d727af06a09d86e0a\node_modules\ms\license.md' -> 'g:\react-long-list\node_modules\@babel\core\node_modules\ms\license.md'

npm manifest: 
  {
    "private": true,
    "scripts": {
      "start": "roadhog server",
      "build": "roadhog build",
      "lint": "eslint --ext .js src test",
      "precommit": "npm run lint"
    },
    "dependencies": {
      "dva": "^2.4.1",
      "react": "^16.2.0",
      "react-dom": "^16.2.0"
    },
    "devDependencies": {
      "babel-plugin-dva-hmr": "^0.3.2",
      "eslint": "^4.14.0",
      "eslint-config-umi": "^0.1.1",
      "eslint-plugin-flowtype": "^2.34.1",
      "eslint-plugin-import": "^2.6.0",
      "eslint-plugin-jsx-a11y": "^5.1.1",
      "eslint-plugin-react": "^7.1.0",
      "husky": "^0.12.0",
      "redbox-react": "^1.4.3",
      "roadhog": "^2.5.0-beta.4"
    },
    "proxy":"http://localhost:3000/"
  }

yarn manifest: 
  No manifest

Lockfile: 
  No lockfile
